0 info it worked if it ends with ok
1 verbose cli [ '/usr/local/bin/node',
1 verbose cli   '/usr/local/bin/npm',
1 verbose cli   'install',
1 verbose cli   '-g',
1 verbose cli   'ng-annotate' ]
2 info using npm@2.11.3
3 info using node@v0.12.7
4 verbose install initial load of /usr/local/lib/package.json
5 verbose readDependencies loading dependencies from /usr/local/lib/package.json
6 silly cache add args [ 'ng-annotate', null ]
7 verbose cache add spec ng-annotate
8 silly cache add parsed spec { raw: 'ng-annotate',
8 silly cache add   scope: null,
8 silly cache add   name: 'ng-annotate',
8 silly cache add   rawSpec: '',
8 silly cache add   spec: '*',
8 silly cache add   type: 'range' }
9 silly addNamed ng-annotate@*
10 verbose addNamed "*" is a valid semver range for ng-annotate
11 silly addNameRange { name: 'ng-annotate', range: '*', hasData: false }
12 silly mapToRegistry name ng-annotate
13 silly mapToRegistry using default registry
14 silly mapToRegistry registry https://registry.npmjs.org/
15 silly mapToRegistry uri https://registry.npmjs.org/ng-annotate
16 verbose addNameRange registry:https://registry.npmjs.org/ng-annotate not in flight; fetching
17 verbose request uri https://registry.npmjs.org/ng-annotate
18 verbose request no auth needed
19 info attempt registry request try #1 at 17:16:40
20 verbose request id 27c259fd201eb11d
21 verbose etag "2BZ0PMAAD4N2J6WT89A2G7S38"
22 http request GET https://registry.npmjs.org/ng-annotate
23 http 304 https://registry.npmjs.org/ng-annotate
24 silly get cb [ 304,
24 silly get   { date: 'Wed, 02 Mar 2016 11:46:46 GMT',
24 silly get     via: '1.1 varnish',
24 silly get     'cache-control': 'max-age=300',
24 silly get     etag: '"2BZ0PMAAD4N2J6WT89A2G7S38"',
24 silly get     age: '6',
24 silly get     connection: 'keep-alive',
24 silly get     'x-served-by': 'cache-sin6926-SIN',
24 silly get     'x-cache': 'HIT',
24 silly get     'x-cache-hits': '2',
24 silly get     'x-timer': 'S1456919206.758473,VS0,VE0',
24 silly get     vary: 'Accept' } ]
25 verbose etag https://registry.npmjs.org/ng-annotate from cache
26 verbose get saving ng-annotate to /home/tirthraj/.npm/registry.npmjs.org/ng-annotate/.cache.json
27 silly addNameRange number 2 { name: 'ng-annotate', range: '*', hasData: true }
28 silly addNameRange versions [ 'ng-annotate',
28 silly addNameRange   [ '0.1.0',
28 silly addNameRange     '0.1.1',
28 silly addNameRange     '0.1.2',
28 silly addNameRange     '0.2.0',
28 silly addNameRange     '0.3.0',
28 silly addNameRange     '0.3.1',
28 silly addNameRange     '0.3.2',
28 silly addNameRange     '0.3.3',
28 silly addNameRange     '0.4.0',
28 silly addNameRange     '0.5.0',
28 silly addNameRange     '0.6.0',
28 silly addNameRange     '0.7.0',
28 silly addNameRange     '0.7.1',
28 silly addNameRange     '0.7.2',
28 silly addNameRange     '0.7.3',
28 silly addNameRange     '0.8.0',
28 silly addNameRange     '0.9.0',
28 silly addNameRange     '0.9.1',
28 silly addNameRange     '0.9.2',
28 silly addNameRange     '0.9.3',
28 silly addNameRange     '0.9.4',
28 silly addNameRange     '0.9.5',
28 silly addNameRange     '0.9.6',
28 silly addNameRange     '0.9.7',
28 silly addNameRange     '0.9.8',
28 silly addNameRange     '0.9.9',
28 silly addNameRange     '0.9.10',
28 silly addNameRange     '0.9.11',
28 silly addNameRange     '0.10.0',
28 silly addNameRange     '0.10.1',
28 silly addNameRange     '0.10.2',
28 silly addNameRange     '0.10.3',
28 silly addNameRange     '0.11.0',
28 silly addNameRange     '0.12.0',
28 silly addNameRange     '0.12.1',
28 silly addNameRange     '0.13.0',
28 silly addNameRange     '0.14.0',
28 silly addNameRange     '0.14.1',
28 silly addNameRange     '0.15.0',
28 silly addNameRange     '0.15.1',
28 silly addNameRange     '0.15.2',
28 silly addNameRange     '0.15.3',
28 silly addNameRange     '0.15.4',
28 silly addNameRange     '1.0.0',
28 silly addNameRange     '1.0.1',
28 silly addNameRange     '1.0.2',
28 silly addNameRange     '1.1.0',
28 silly addNameRange     '1.1.1',
28 silly addNameRange     '1.2.0',
28 silly addNameRange     '1.2.1' ] ]
29 silly addNamed ng-annotate@1.2.1
30 verbose addNamed "1.2.1" is a plain semver version for ng-annotate
31 silly cache afterAdd ng-annotate@1.2.1
32 verbose afterAdd /home/tirthraj/.npm/ng-annotate/1.2.1/package/package.json not in flight; writing
33 verbose afterAdd /home/tirthraj/.npm/ng-annotate/1.2.1/package/package.json written
34 silly install resolved [ { name: 'ng-annotate',
34 silly install resolved     version: '1.2.1',
34 silly install resolved     description: 'add, remove and rebuild angularjs dependency injection annotations',
34 silly install resolved     main: 'build/es5/ng-annotate-main.js',
34 silly install resolved     repository:
34 silly install resolved      { type: 'git',
34 silly install resolved        url: 'git+https://github.com/olov/ng-annotate.git' },
34 silly install resolved     dependencies:
34 silly install resolved      { acorn: '~2.6.4',
34 silly install resolved        alter: '~0.2.0',
34 silly install resolved        'convert-source-map': '~1.1.2',
34 silly install resolved        optimist: '~0.6.1',
34 silly install resolved        'ordered-ast-traverse': '~1.1.1',
34 silly install resolved        'simple-fmt': '~0.1.0',
34 silly install resolved        'simple-is': '~0.2.0',
34 silly install resolved        'source-map': '~0.5.3',
34 silly install resolved        stable: '~0.1.5',
34 silly install resolved        stringmap: '~0.2.2',
34 silly install resolved        stringset: '~0.2.1',
34 silly install resolved        tryor: '~0.1.2' },
34 silly install resolved     devDependencies:
34 silly install resolved      { 'coffee-script': '~1.10.0',
34 silly install resolved        defs: '~1.1.1',
34 silly install resolved        diff: '~2.2.1',
34 silly install resolved        'find-line-column': '~0.5.2' },
34 silly install resolved     keywords:
34 silly install resolved      [ 'angular',
34 silly install resolved        'angularjs',
34 silly install resolved        'di',
34 silly install resolved        'dependency',
34 silly install resolved        'injection',
34 silly install resolved        'annotate',
34 silly install resolved        'annotation',
34 silly install resolved        'annotations',
34 silly install resolved        'transformation' ],
34 silly install resolved     scripts: { test: 'node --harmony run-tests' },
34 silly install resolved     bin: { 'ng-annotate': './build/es5/ng-annotate' },
34 silly install resolved     author: { name: 'Olov Lassus', email: 'olov.lassus@gmail.com' },
34 silly install resolved     license: 'MIT',
34 silly install resolved     bugs: { url: 'https://github.com/olov/ng-annotate/issues' },
34 silly install resolved     homepage: 'https://github.com/olov/ng-annotate#readme',
34 silly install resolved     _id: 'ng-annotate@1.2.1',
34 silly install resolved     _shasum: 'eb8bc1a6731c70d08af6b02c3eaf1a6e3fb9e6bb',
34 silly install resolved     _resolved: 'https://registry.npmjs.org/ng-annotate/-/ng-annotate-1.2.1.tgz',
34 silly install resolved     _from: 'ng-annotate@*',
34 silly install resolved     _npmVersion: '2.14.4',
34 silly install resolved     _nodeVersion: '4.1.1',
34 silly install resolved     _npmUser: { name: 'olov', email: 'olov.lassus@gmail.com' },
34 silly install resolved     maintainers: [ [Object] ],
34 silly install resolved     dist:
34 silly install resolved      { shasum: 'eb8bc1a6731c70d08af6b02c3eaf1a6e3fb9e6bb',
34 silly install resolved        tarball: 'http://registry.npmjs.org/ng-annotate/-/ng-annotate-1.2.1.tgz' },
34 silly install resolved     directories: {},
34 silly install resolved     readme: 'ERROR: No README data found!' } ]
35 info install ng-annotate@1.2.1 into /usr/local/lib
36 info installOne ng-annotate@1.2.1
37 verbose installOne of ng-annotate to /usr/local/lib not in flight; installing
38 warn locking Error: EACCES, open '/home/tirthraj/.npm/_locks/ng-annotate-c251c5119d91027d.lock'
38 warn locking     at Error (native)
38 warn locking  /home/tirthraj/.npm/_locks/ng-annotate-c251c5119d91027d.lock failed { [Error: EACCES, open '/home/tirthraj/.npm/_locks/ng-annotate-c251c5119d91027d.lock']
38 warn locking   errno: -13,
38 warn locking   code: 'EACCES',
38 warn locking   path: '/home/tirthraj/.npm/_locks/ng-annotate-c251c5119d91027d.lock' }
39 verbose stack Error: Attempt to unlock /usr/local/lib/node_modules/ng-annotate, which hasn't been locked
39 verbose stack     at unlock (/usr/local/lib/node_modules/npm/lib/utils/locker.js:66:11)
39 verbose stack     at cb (/usr/local/lib/node_modules/npm/lib/install.js:1017:5)
39 verbose stack     at /usr/local/lib/node_modules/npm/lib/install.js:1021:20
39 verbose stack     at /usr/local/lib/node_modules/npm/lib/utils/locker.js:40:9
39 verbose stack     at cb (/usr/local/lib/node_modules/npm/node_modules/lockfile/lockfile.js:149:38)
39 verbose stack     at /usr/local/lib/node_modules/npm/node_modules/lockfile/lockfile.js:177:38
39 verbose stack     at FSReqWrap.oncomplete (fs.js:95:15)
40 verbose cwd /var/www/html/Angular/rotaract/client
41 error Linux 3.16.0-62-generic
42 error argv "/usr/local/bin/node" "/usr/local/bin/npm" "install" "-g" "ng-annotate"
43 error node v0.12.7
44 error npm  v2.11.3
45 error Attempt to unlock /usr/local/lib/node_modules/ng-annotate, which hasn't been locked
46 error If you need help, you may report this error at:
46 error     <https://github.com/npm/npm/issues>
47 verbose exit [ 1, true ]
