0 info it worked if it ends with ok
1 verbose cli [ '/usr/local/bin/node',
1 verbose cli   '/usr/local/bin/npm',
1 verbose cli   'install',
1 verbose cli   'gulp-mg-annotate' ]
2 info using npm@2.11.3
3 info using node@v0.12.7
4 verbose install initial load of /var/www/html/Angular/rotaract/package.json
5 verbose installManyTop reading scoped package data from /var/www/html/Angular/rotaract/node_modules/node/package.json
6 info package.json node@0.0.0 No description
7 info package.json node@0.0.0 No repository field.
8 info package.json node@0.0.0 No license field.
9 verbose readDependencies loading dependencies from /var/www/html/Angular/rotaract/package.json
10 silly cache add args [ 'gulp-mg-annotate', null ]
11 verbose cache add spec gulp-mg-annotate
12 silly cache add parsed spec { raw: 'gulp-mg-annotate',
12 silly cache add   scope: null,
12 silly cache add   name: 'gulp-mg-annotate',
12 silly cache add   rawSpec: '',
12 silly cache add   spec: '*',
12 silly cache add   type: 'range' }
13 silly addNamed gulp-mg-annotate@*
14 verbose addNamed "*" is a valid semver range for gulp-mg-annotate
15 silly addNameRange { name: 'gulp-mg-annotate', range: '*', hasData: false }
16 silly mapToRegistry name gulp-mg-annotate
17 silly mapToRegistry using default registry
18 silly mapToRegistry registry https://registry.npmjs.org/
19 silly mapToRegistry uri https://registry.npmjs.org/gulp-mg-annotate
20 verbose addNameRange registry:https://registry.npmjs.org/gulp-mg-annotate not in flight; fetching
21 verbose request uri https://registry.npmjs.org/gulp-mg-annotate
22 verbose request no auth needed
23 info attempt registry request try #1 at 17:28:57
24 verbose request id dd6a7faabe0841df
25 http request GET https://registry.npmjs.org/gulp-mg-annotate
26 info retry will retry, error on last attempt: Error: getaddrinfo ENOTFOUND registry.npmjs.org
27 info attempt registry request try #2 at 17:29:27
28 http request GET https://registry.npmjs.org/gulp-mg-annotate
29 info retry will retry, error on last attempt: Error: getaddrinfo ENOTFOUND registry.npmjs.org
30 info attempt registry request try #3 at 17:30:43
31 http request GET https://registry.npmjs.org/gulp-mg-annotate
32 http 404 https://registry.npmjs.org/gulp-mg-annotate
33 verbose headers { 'content-type': 'application/json',
33 verbose headers   'cache-control': 'max-age=0',
33 verbose headers   'content-length': '2',
33 verbose headers   'accept-ranges': 'bytes',
33 verbose headers   date: 'Wed, 02 Mar 2016 12:00:52 GMT',
33 verbose headers   via: '1.1 varnish',
33 verbose headers   age: '0',
33 verbose headers   connection: 'keep-alive',
33 verbose headers   'x-served-by': 'cache-sin6926-SIN',
33 verbose headers   'x-cache': 'MISS',
33 verbose headers   'x-cache-hits': '0',
33 verbose headers   'x-timer': 'S1456920052.634754,VS0,VE253' }
34 silly get cb [ 404,
34 silly get   { 'content-type': 'application/json',
34 silly get     'cache-control': 'max-age=0',
34 silly get     'content-length': '2',
34 silly get     'accept-ranges': 'bytes',
34 silly get     date: 'Wed, 02 Mar 2016 12:00:52 GMT',
34 silly get     via: '1.1 varnish',
34 silly get     age: '0',
34 silly get     connection: 'keep-alive',
34 silly get     'x-served-by': 'cache-sin6926-SIN',
34 silly get     'x-cache': 'MISS',
34 silly get     'x-cache-hits': '0',
34 silly get     'x-timer': 'S1456920052.634754,VS0,VE253' } ]
35 verbose stack Error: Registry returned 404 for GET on https://registry.npmjs.org/gulp-mg-annotate
35 verbose stack     at CachingRegistryClient.<anonymous> (/usr/local/lib/node_modules/npm/node_modules/npm-registry-client/lib/request.js:239:14)
35 verbose stack     at Request._callback (/usr/local/lib/node_modules/npm/node_modules/npm-registry-client/lib/request.js:170:14)
35 verbose stack     at Request.self.callback (/usr/local/lib/node_modules/npm/node_modules/request/request.js:354:22)
35 verbose stack     at Request.emit (events.js:110:17)
35 verbose stack     at Request.<anonymous> (/usr/local/lib/node_modules/npm/node_modules/request/request.js:1207:14)
35 verbose stack     at Request.emit (events.js:129:20)
35 verbose stack     at IncomingMessage.<anonymous> (/usr/local/lib/node_modules/npm/node_modules/request/request.js:1153:12)
35 verbose stack     at IncomingMessage.emit (events.js:129:20)
35 verbose stack     at _stream_readable.js:908:16
35 verbose stack     at process._tickCallback (node.js:355:11)
36 verbose statusCode 404
37 verbose pkgid gulp-mg-annotate
38 verbose cwd /var/www/html/Angular/rotaract
39 error Linux 3.16.0-62-generic
40 error argv "/usr/local/bin/node" "/usr/local/bin/npm" "install" "gulp-mg-annotate"
41 error node v0.12.7
42 error npm  v2.11.3
43 error code E404
44 error 404 Registry returned 404 for GET on https://registry.npmjs.org/gulp-mg-annotate
44 error 404
44 error 404 'gulp-mg-annotate' is not in the npm registry.
44 error 404 You should bug the author to publish it (or use the name yourself!)
44 error 404
44 error 404 Note that you can also install from a
44 error 404 tarball, folder, http url, or git url.
45 verbose exit [ 1, true ]
